<?xml version="1.0" encoding="UTF-8" ?>
<testsuites>

  <testsuite name="testCtrl " errors="0" tests="1" failures="0" time="0.012" timestamp="Thu Jan 15 2015 13:27:02 GMT+0200 (Финляндия (зима))">
    
      <testcase assertions="0" classname="testCtrl " name="testCtrl  to test" time="0.009">
        
      </testcase>
    
  </testsuite>

</testsuites>