<?xml version="1.0" encoding="UTF-8" ?>
<testsuites>

  <testsuite name="Testing testCtrl  controller" errors="0" tests="0" failures="0" time="0.014" timestamp="Thu Jan 15 2015 13:58:24 GMT+0200 (Финляндия (зима))">
    
  </testsuite>

</testsuites>