<?xml version="1.0" encoding="UTF-8" ?>
<testsuites>

  <testsuite name="Testing testCtrl  controller this.msg" errors="0" tests="1" failures="0" time="0.012" timestamp="Thu Jan 15 2015 13:58:24 GMT+0200 (Финляндия (зима))">
    
      <testcase assertions="0" classname="Testing testCtrl  controller this.msg" name="sets the title names" time="0.01">
        
      </testcase>
    
  </testsuite>

</testsuites>