<?xml version="1.0" encoding="UTF-8" ?>
<testsuites>

  <testsuite name="app" errors="0" tests="1" failures="0" time="0.011" timestamp="Thu Jan 15 2015 13:09:35 GMT+0200 (Финляндия (зима))">
    
      <testcase assertions="0" classname="app" name="testCtrl  to test" time="0.009">
        
      </testcase>
    
  </testsuite>

</testsuites>