<?xml version="1.0" encoding="UTF-8" ?>
<testsuites>

  <testsuite name="PasswordController $scope.grade" errors="0" tests="2" failures="0" time="0.006" timestamp="Thu Jan 15 2015 13:58:24 GMT+0200 (Финляндия (зима))">
    
      <testcase assertions="0" classname="PasswordController $scope.grade" name="sets the strength to &quot;strong&quot; if the password length is &gt;8 chars" time="0.003">
        
      </testcase>
    
      <testcase assertions="0" classname="PasswordController $scope.grade" name="sets the strength to &quot;weak&quot; if the password length &lt;3 chars" time="0.002">
        
      </testcase>
    
  </testsuite>

</testsuites>