<?xml version="1.0" encoding="UTF-8" ?>
<testsuites>

  <testsuite name="PasswordController" errors="0" tests="0" failures="0" time="0.007" timestamp="Thu Jan 15 2015 13:58:24 GMT+0200 (Финляндия (зима))">
    
  </testsuite>

</testsuites>